-------------------------------------------------------------------------------
Test set: zoss.team.demo.DemoApplicationTests
-------------------------------------------------------------------------------
Tests run: 1, Failures: 0, Errors: 1, Skipped: 0, Time elapsed: 0.335 s <<< FAILURE! - in zoss.team.demo.DemoApplicationTests
zoss.team.demo.DemoApplicationTests  Time elapsed: 0.334 s  <<< ERROR!
java.lang.IllegalStateException: Unable to find a @SpringBootConfiguration, you need to use @ContextConfiguration or @SpringBootTest(classes=...) with your test

